<?xml version="1.0" encoding="UTF-8"?>
<!-- Generated by org.testng.reporters.JUnitReportReporter -->
<testsuite hostname="DESKTOP-4UOO7GQ" failures="0" tests="2" name="TestCases.AddCustomerTest" time="26.049" errors="0" timestamp="2022-07-25T18:05:48 IST" skipped="0">
  <testcase classname="TestCases.AddCustomerTest" name="verifyLogo" time="13.113"/>
  <testcase classname="TestCases.AddCustomerTest" name="addCustomerTest" time="12.936"/>
</testsuite> <!-- TestCases.AddCustomerTest -->
