<?xml version="1.0" encoding="UTF-8"?>
<!-- Generated by org.testng.reporters.JUnitReportReporter -->
<testsuite hostname="DESKTOP-4UOO7GQ" failures="0" tests="1" name="TestCases.PayBillingTest" time="15.380" errors="0" timestamp="2022-07-25T18:12:15 IST" skipped="0">
  <testcase classname="TestCases.PayBillingTest" name="Billingtest" time="15.380"/>
</testsuite> <!-- TestCases.PayBillingTest -->
