<?xml version="1.0" encoding="UTF-8"?>
<!-- Generated by org.testng.reporters.JUnitReportReporter -->
<testsuite hostname="DESKTOP-4UOO7GQ" failures="0" tests="3" name="TestCases.AddCustomerToTariffTest" time="41.696" errors="0" timestamp="2022-07-25T18:07:11 IST" skipped="0">
  <testcase classname="TestCases.AddCustomerToTariffTest" name="logoverifyTest1" time="13.390"/>
  <testcase classname="TestCases.AddCustomerToTariffTest" name="logoverifyTest2" time="12.063"/>
  <testcase classname="TestCases.AddCustomerToTariffTest" name="logoverifyTest" time="16.243"/>
</testsuite> <!-- TestCases.AddCustomerToTariffTest -->
