<?xml version="1.0" encoding="UTF-8"?>
<!-- Generated by org.testng.reporters.JUnitReportReporter -->
<testsuite hostname="DESKTOP-4UOO7GQ" failures="0" tests="1" name="TestCases.AddtariffPlanTest" time="16.364" errors="0" timestamp="2022-07-25T18:07:52 IST" skipped="0">
  <testcase classname="TestCases.AddtariffPlanTest" name="enterTariffPlan" time="16.364"/>
</testsuite> <!-- TestCases.AddtariffPlanTest -->
